{"/Users/eps09/week7Project/movie-theater-api/db.js": {"path":"/Users/eps09/week7Project/movie-theater-api/db.js","statementMap":{"0":{"start":{"line":2,"column":33},"end":{"line":2,"column":53}},"1":{"start":{"line":5,"column":11},"end":{"line":9,"column":2}},"2":{"start":{"line":14,"column":0},"end":{"line":14,"column":34}}},"fnMap":{},"branchMap":{},"s":{"0":1,"1":1,"2":1},"f":{},"b":{},"_coverageSchema":"1a1c01bbd47fc00a2c39e90264f33305004495a9","hash":"58114e4aacd69c21f96f659f2ced18114063d698"}
,"/Users/eps09/week7Project/movie-theater-api/seed.js": {"path":"/Users/eps09/week7Project/movie-theater-api/seed.js","statementMap":{"0":{"start":{"line":2,"column":13},"end":{"line":2,"column":28}},"1":{"start":{"line":3,"column":11},"end":{"line":3,"column":33}},"2":{"start":{"line":7,"column":13},"end":{"line":7,"column":28}},"3":{"start":{"line":8,"column":23},"end":{"line":8,"column":48}},"4":{"start":{"line":12,"column":13},"end":{"line":35,"column":1}},"5":{"start":{"line":14,"column":4},"end":{"line":14,"column":35}},"6":{"start":{"line":16,"column":25},"end":{"line":16,"column":59}},"7":{"start":{"line":17,"column":25},"end":{"line":17,"column":59}},"8":{"start":{"line":20,"column":19},"end":{"line":20,"column":50}},"9":{"start":{"line":21,"column":23},"end":{"line":21,"column":54}},"10":{"start":{"line":23,"column":24},"end":{"line":23,"column":50}},"11":{"start":{"line":24,"column":24},"end":{"line":24,"column":54}},"12":{"start":{"line":27,"column":25},"end":{"line":27,"column":65}},"13":{"start":{"line":27,"column":47},"end":{"line":27,"column":64}},"14":{"start":{"line":28,"column":25},"end":{"line":28,"column":65}},"15":{"start":{"line":28,"column":47},"end":{"line":28,"column":64}},"16":{"start":{"line":31,"column":4},"end":{"line":31,"column":36}},"17":{"start":{"line":32,"column":4},"end":{"line":32,"column":35}},"18":{"start":{"line":34,"column":4},"end":{"line":34,"column":58}},"19":{"start":{"line":38,"column":0},"end":{"line":38,"column":22}}},"fnMap":{"0":{"name":"(anonymous_0)","decl":{"start":{"line":12,"column":13},"end":{"line":12,"column":14}},"loc":{"start":{"line":12,"column":25},"end":{"line":35,"column":1}},"line":12},"1":{"name":"(anonymous_1)","decl":{"start":{"line":27,"column":39},"end":{"line":27,"column":40}},"loc":{"start":{"line":27,"column":47},"end":{"line":27,"column":64}},"line":27},"2":{"name":"(anonymous_2)","decl":{"start":{"line":28,"column":39},"end":{"line":28,"column":40}},"loc":{"start":{"line":28,"column":47},"end":{"line":28,"column":64}},"line":28}},"branchMap":{},"s":{"0":1,"1":1,"2":1,"3":1,"4":1,"5":1,"6":1,"7":1,"8":1,"9":1,"10":1,"11":1,"12":1,"13":11,"14":1,"15":2,"16":1,"17":1,"18":1,"19":1},"f":{"0":1,"1":11,"2":2},"b":{},"_coverageSchema":"1a1c01bbd47fc00a2c39e90264f33305004495a9","hash":"6a657d01d9f0094c50fb327e7b65e50192a8ff5f"}
,"/Users/eps09/week7Project/movie-theater-api/server.js": {"path":"/Users/eps09/week7Project/movie-theater-api/server.js","statementMap":{"0":{"start":{"line":1,"column":16},"end":{"line":1,"column":34}},"1":{"start":{"line":2,"column":19},"end":{"line":2,"column":43}},"2":{"start":{"line":3,"column":19},"end":{"line":3,"column":43}},"3":{"start":{"line":4,"column":12},"end":{"line":4,"column":21}},"4":{"start":{"line":5,"column":13},"end":{"line":5,"column":30}},"5":{"start":{"line":8,"column":0},"end":{"line":8,"column":49}},"6":{"start":{"line":9,"column":0},"end":{"line":9,"column":24}},"7":{"start":{"line":12,"column":0},"end":{"line":12,"column":30}},"8":{"start":{"line":13,"column":0},"end":{"line":13,"column":30}},"9":{"start":{"line":22,"column":0},"end":{"line":22,"column":21}}},"fnMap":{},"branchMap":{},"s":{"0":1,"1":1,"2":1,"3":1,"4":1,"5":1,"6":1,"7":1,"8":1,"9":1},"f":{},"b":{},"_coverageSchema":"1a1c01bbd47fc00a2c39e90264f33305004495a9","hash":"81b5a15fa4868587cd3a9408b8a83de1a30012c1"}
,"/Users/eps09/week7Project/movie-theater-api/models/Show.js": {"path":"/Users/eps09/week7Project/movie-theater-api/models/Show.js","statementMap":{"0":{"start":{"line":2,"column":26},"end":{"line":2,"column":42}},"1":{"start":{"line":5,"column":13},"end":{"line":10,"column":2}},"2":{"start":{"line":13,"column":0},"end":{"line":13,"column":25}}},"fnMap":{},"branchMap":{},"s":{"0":1,"1":1,"2":1},"f":{},"b":{},"_coverageSchema":"1a1c01bbd47fc00a2c39e90264f33305004495a9","hash":"b2d8ee26842198a6781409cace1c31412b9d333d"}
,"/Users/eps09/week7Project/movie-theater-api/models/User.js": {"path":"/Users/eps09/week7Project/movie-theater-api/models/User.js","statementMap":{"0":{"start":{"line":2,"column":26},"end":{"line":2,"column":42}},"1":{"start":{"line":5,"column":13},"end":{"line":8,"column":2}},"2":{"start":{"line":11,"column":0},"end":{"line":11,"column":25}}},"fnMap":{},"branchMap":{},"s":{"0":1,"1":1,"2":1},"f":{},"b":{},"_coverageSchema":"1a1c01bbd47fc00a2c39e90264f33305004495a9","hash":"6bffcf8818098d6afef591551fbf4890c9f2e198"}
,"/Users/eps09/week7Project/movie-theater-api/models/index.js": {"path":"/Users/eps09/week7Project/movie-theater-api/models/index.js","statementMap":{"0":{"start":{"line":1,"column":17},"end":{"line":1,"column":34}},"1":{"start":{"line":2,"column":17},"end":{"line":2,"column":34}},"2":{"start":{"line":7,"column":0},"end":{"line":7,"column":49}},"3":{"start":{"line":8,"column":0},"end":{"line":8,"column":49}},"4":{"start":{"line":10,"column":0},"end":{"line":10,"column":29}}},"fnMap":{},"branchMap":{},"s":{"0":1,"1":1,"2":1,"3":1,"4":1},"f":{},"b":{},"_coverageSchema":"1a1c01bbd47fc00a2c39e90264f33305004495a9","hash":"9344d0ab95e9405c000520a7cae3ef372225fbe8"}
,"/Users/eps09/week7Project/movie-theater-api/routes/middleware.js": {"path":"/Users/eps09/week7Project/movie-theater-api/routes/middleware.js","statementMap":{"0":{"start":{"line":1,"column":19},"end":{"line":1,"column":37}},"1":{"start":{"line":2,"column":27},"end":{"line":2,"column":55}},"2":{"start":{"line":6,"column":19},"end":{"line":6,"column":40}},"3":{"start":{"line":7,"column":4},"end":{"line":10,"column":16}},"4":{"start":{"line":8,"column":8},"end":{"line":8,"column":62}},"5":{"start":{"line":10,"column":9},"end":{"line":10,"column":16}},"6":{"start":{"line":13,"column":0},"end":{"line":13,"column":29}}},"fnMap":{"0":{"name":"checkErrors","decl":{"start":{"line":5,"column":9},"end":{"line":5,"column":20}},"loc":{"start":{"line":5,"column":36},"end":{"line":11,"column":1}},"line":5}},"branchMap":{"0":{"loc":{"start":{"line":7,"column":4},"end":{"line":10,"column":16}},"type":"if","locations":[{"start":{"line":7,"column":4},"end":{"line":10,"column":16}},{"start":{"line":10,"column":9},"end":{"line":10,"column":16}}],"line":7}},"s":{"0":1,"1":1,"2":42,"3":42,"4":14,"5":28,"6":1},"f":{"0":42},"b":{"0":[14,28]},"_coverageSchema":"1a1c01bbd47fc00a2c39e90264f33305004495a9","hash":"8979929591784645b334176209c6c6ca23013755"}
,"/Users/eps09/week7Project/movie-theater-api/routes/show.js": {"path":"/Users/eps09/week7Project/movie-theater-api/routes/show.js","statementMap":{"0":{"start":{"line":1,"column":19},"end":{"line":1,"column":37}},"1":{"start":{"line":2,"column":40},"end":{"line":2,"column":68}},"2":{"start":{"line":3,"column":21},"end":{"line":3,"column":50}},"3":{"start":{"line":4,"column":20},"end":{"line":4,"column":43}},"4":{"start":{"line":5,"column":19},"end":{"line":5,"column":27}},"5":{"start":{"line":8,"column":0},"end":{"line":15,"column":2}},"6":{"start":{"line":9,"column":4},"end":{"line":14,"column":5}},"7":{"start":{"line":10,"column":25},"end":{"line":10,"column":45}},"8":{"start":{"line":11,"column":8},"end":{"line":11,"column":27}},"9":{"start":{"line":13,"column":8},"end":{"line":13,"column":36}},"10":{"start":{"line":18,"column":0},"end":{"line":33,"column":1}},"11":{"start":{"line":22,"column":8},"end":{"line":31,"column":9}},"12":{"start":{"line":23,"column":25},"end":{"line":23,"column":75}},"13":{"start":{"line":24,"column":12},"end":{"line":28,"column":13}},"14":{"start":{"line":25,"column":16},"end":{"line":25,"column":31}},"15":{"start":{"line":27,"column":16},"end":{"line":27,"column":36}},"16":{"start":{"line":30,"column":12},"end":{"line":30,"column":40}},"17":{"start":{"line":36,"column":0},"end":{"line":47,"column":1}},"18":{"start":{"line":40,"column":8},"end":{"line":45,"column":9}},"19":{"start":{"line":41,"column":29},"end":{"line":41,"column":83}},"20":{"start":{"line":42,"column":12},"end":{"line":42,"column":31}},"21":{"start":{"line":44,"column":12},"end":{"line":44,"column":40}},"22":{"start":{"line":50,"column":0},"end":{"line":67,"column":1}},"23":{"start":{"line":55,"column":8},"end":{"line":65,"column":9}},"24":{"start":{"line":56,"column":25},"end":{"line":56,"column":75}},"25":{"start":{"line":57,"column":12},"end":{"line":62,"column":13}},"26":{"start":{"line":58,"column":16},"end":{"line":58,"column":81}},"27":{"start":{"line":58,"column":36},"end":{"line":58,"column":81}},"28":{"start":{"line":59,"column":16},"end":{"line":59,"column":31}},"29":{"start":{"line":61,"column":16},"end":{"line":61,"column":36}},"30":{"start":{"line":64,"column":12},"end":{"line":64,"column":40}},"31":{"start":{"line":70,"column":0},"end":{"line":87,"column":1}},"32":{"start":{"line":75,"column":8},"end":{"line":85,"column":9}},"33":{"start":{"line":76,"column":25},"end":{"line":76,"column":75}},"34":{"start":{"line":77,"column":12},"end":{"line":82,"column":13}},"35":{"start":{"line":78,"column":16},"end":{"line":78,"column":81}},"36":{"start":{"line":78,"column":36},"end":{"line":78,"column":81}},"37":{"start":{"line":79,"column":16},"end":{"line":79,"column":31}},"38":{"start":{"line":81,"column":16},"end":{"line":81,"column":36}},"39":{"start":{"line":84,"column":12},"end":{"line":84,"column":40}},"40":{"start":{"line":90,"column":0},"end":{"line":101,"column":1}},"41":{"start":{"line":94,"column":8},"end":{"line":99,"column":9}},"42":{"start":{"line":95,"column":25},"end":{"line":95,"column":75}},"43":{"start":{"line":96,"column":12},"end":{"line":96,"column":27}},"44":{"start":{"line":98,"column":12},"end":{"line":98,"column":40}},"45":{"start":{"line":108,"column":0},"end":{"line":122,"column":1}},"46":{"start":{"line":115,"column":8},"end":{"line":120,"column":9}},"47":{"start":{"line":116,"column":25},"end":{"line":116,"column":134}},"48":{"start":{"line":117,"column":12},"end":{"line":117,"column":27}},"49":{"start":{"line":119,"column":12},"end":{"line":119,"column":40}},"50":{"start":{"line":124,"column":0},"end":{"line":124,"column":28}}},"fnMap":{"0":{"name":"(anonymous_0)","decl":{"start":{"line":8,"column":20},"end":{"line":8,"column":21}},"loc":{"start":{"line":8,"column":40},"end":{"line":15,"column":1}},"line":8},"1":{"name":"(anonymous_1)","decl":{"start":{"line":21,"column":4},"end":{"line":21,"column":5}},"loc":{"start":{"line":21,"column":24},"end":{"line":32,"column":5}},"line":21},"2":{"name":"(anonymous_2)","decl":{"start":{"line":39,"column":4},"end":{"line":39,"column":5}},"loc":{"start":{"line":39,"column":24},"end":{"line":46,"column":5}},"line":39},"3":{"name":"(anonymous_3)","decl":{"start":{"line":54,"column":4},"end":{"line":54,"column":5}},"loc":{"start":{"line":54,"column":24},"end":{"line":66,"column":5}},"line":54},"4":{"name":"(anonymous_4)","decl":{"start":{"line":74,"column":4},"end":{"line":74,"column":5}},"loc":{"start":{"line":74,"column":24},"end":{"line":86,"column":5}},"line":74},"5":{"name":"(anonymous_5)","decl":{"start":{"line":93,"column":4},"end":{"line":93,"column":5}},"loc":{"start":{"line":93,"column":24},"end":{"line":100,"column":5}},"line":93},"6":{"name":"(anonymous_6)","decl":{"start":{"line":114,"column":4},"end":{"line":114,"column":5}},"loc":{"start":{"line":114,"column":24},"end":{"line":121,"column":5}},"line":114}},"branchMap":{"0":{"loc":{"start":{"line":24,"column":12},"end":{"line":28,"column":13}},"type":"if","locations":[{"start":{"line":24,"column":12},"end":{"line":28,"column":13}},{"start":{"line":26,"column":17},"end":{"line":28,"column":13}}],"line":24},"1":{"loc":{"start":{"line":57,"column":12},"end":{"line":62,"column":13}},"type":"if","locations":[{"start":{"line":57,"column":12},"end":{"line":62,"column":13}},{"start":{"line":60,"column":17},"end":{"line":62,"column":13}}],"line":57},"2":{"loc":{"start":{"line":58,"column":16},"end":{"line":58,"column":81}},"type":"if","locations":[{"start":{"line":58,"column":16},"end":{"line":58,"column":81}},{"start":{},"end":{}}],"line":58},"3":{"loc":{"start":{"line":77,"column":12},"end":{"line":82,"column":13}},"type":"if","locations":[{"start":{"line":77,"column":12},"end":{"line":82,"column":13}},{"start":{"line":80,"column":17},"end":{"line":82,"column":13}}],"line":77},"4":{"loc":{"start":{"line":78,"column":16},"end":{"line":78,"column":81}},"type":"if","locations":[{"start":{"line":78,"column":16},"end":{"line":78,"column":81}},{"start":{},"end":{}}],"line":78}},"s":{"0":1,"1":1,"2":1,"3":1,"4":1,"5":1,"6":3,"7":3,"8":3,"9":0,"10":1,"11":5,"12":5,"13":5,"14":4,"15":1,"16":0,"17":1,"18":3,"19":3,"20":3,"21":0,"22":1,"23":3,"24":3,"25":3,"26":2,"27":2,"28":2,"29":1,"30":0,"31":1,"32":0,"33":0,"34":0,"35":0,"36":0,"37":0,"38":0,"39":0,"40":1,"41":0,"42":0,"43":0,"44":0,"45":1,"46":0,"47":0,"48":0,"49":0,"50":1},"f":{"0":3,"1":5,"2":3,"3":3,"4":0,"5":0,"6":0},"b":{"0":[4,1],"1":[2,1],"2":[2,0],"3":[0,0],"4":[0,0]},"_coverageSchema":"1a1c01bbd47fc00a2c39e90264f33305004495a9","hash":"044596e3e1e9ea799fda717bd29017b9ca2be51c"}
,"/Users/eps09/week7Project/movie-theater-api/routes/user.js": {"path":"/Users/eps09/week7Project/movie-theater-api/routes/user.js","statementMap":{"0":{"start":{"line":1,"column":19},"end":{"line":1,"column":37}},"1":{"start":{"line":2,"column":21},"end":{"line":2,"column":50}},"2":{"start":{"line":3,"column":40},"end":{"line":3,"column":68}},"3":{"start":{"line":4,"column":20},"end":{"line":4,"column":43}},"4":{"start":{"line":5,"column":19},"end":{"line":5,"column":27}},"5":{"start":{"line":8,"column":0},"end":{"line":15,"column":2}},"6":{"start":{"line":9,"column":4},"end":{"line":14,"column":5}},"7":{"start":{"line":10,"column":25},"end":{"line":10,"column":45}},"8":{"start":{"line":11,"column":8},"end":{"line":11,"column":27}},"9":{"start":{"line":13,"column":8},"end":{"line":13,"column":36}},"10":{"start":{"line":18,"column":0},"end":{"line":30,"column":1}},"11":{"start":{"line":22,"column":8},"end":{"line":28,"column":9}},"12":{"start":{"line":23,"column":29},"end":{"line":23,"column":79}},"13":{"start":{"line":24,"column":12},"end":{"line":25,"column":37}},"14":{"start":{"line":24,"column":25},"end":{"line":24,"column":44}},"15":{"start":{"line":25,"column":17},"end":{"line":25,"column":37}},"16":{"start":{"line":27,"column":12},"end":{"line":27,"column":40}},"17":{"start":{"line":33,"column":0},"end":{"line":49,"column":1}},"18":{"start":{"line":37,"column":8},"end":{"line":47,"column":9}},"19":{"start":{"line":38,"column":25},"end":{"line":38,"column":75}},"20":{"start":{"line":39,"column":12},"end":{"line":44,"column":13}},"21":{"start":{"line":40,"column":33},"end":{"line":40,"column":54}},"22":{"start":{"line":41,"column":16},"end":{"line":41,"column":35}},"23":{"start":{"line":43,"column":16},"end":{"line":43,"column":36}},"24":{"start":{"line":46,"column":12},"end":{"line":46,"column":40}},"25":{"start":{"line":52,"column":0},"end":{"line":70,"column":1}},"26":{"start":{"line":57,"column":8},"end":{"line":68,"column":9}},"27":{"start":{"line":58,"column":25},"end":{"line":58,"column":75}},"28":{"start":{"line":59,"column":25},"end":{"line":59,"column":75}},"29":{"start":{"line":60,"column":12},"end":{"line":65,"column":13}},"30":{"start":{"line":61,"column":16},"end":{"line":61,"column":41}},"31":{"start":{"line":62,"column":16},"end":{"line":62,"column":36}},"32":{"start":{"line":64,"column":16},"end":{"line":64,"column":36}},"33":{"start":{"line":67,"column":12},"end":{"line":67,"column":40}},"34":{"start":{"line":77,"column":0},"end":{"line":89,"column":1}},"35":{"start":{"line":82,"column":8},"end":{"line":87,"column":9}},"36":{"start":{"line":83,"column":25},"end":{"line":83,"column":96}},"37":{"start":{"line":84,"column":12},"end":{"line":84,"column":27}},"38":{"start":{"line":86,"column":12},"end":{"line":86,"column":40}},"39":{"start":{"line":91,"column":0},"end":{"line":91,"column":28}}},"fnMap":{"0":{"name":"(anonymous_0)","decl":{"start":{"line":8,"column":20},"end":{"line":8,"column":21}},"loc":{"start":{"line":8,"column":40},"end":{"line":15,"column":1}},"line":8},"1":{"name":"(anonymous_1)","decl":{"start":{"line":21,"column":4},"end":{"line":21,"column":5}},"loc":{"start":{"line":21,"column":24},"end":{"line":29,"column":5}},"line":21},"2":{"name":"(anonymous_2)","decl":{"start":{"line":36,"column":4},"end":{"line":36,"column":5}},"loc":{"start":{"line":36,"column":24},"end":{"line":48,"column":5}},"line":36},"3":{"name":"(anonymous_3)","decl":{"start":{"line":56,"column":4},"end":{"line":56,"column":5}},"loc":{"start":{"line":56,"column":24},"end":{"line":69,"column":5}},"line":56},"4":{"name":"(anonymous_4)","decl":{"start":{"line":81,"column":4},"end":{"line":81,"column":5}},"loc":{"start":{"line":81,"column":24},"end":{"line":88,"column":5}},"line":81}},"branchMap":{"0":{"loc":{"start":{"line":24,"column":12},"end":{"line":25,"column":37}},"type":"if","locations":[{"start":{"line":24,"column":12},"end":{"line":25,"column":37}},{"start":{"line":25,"column":17},"end":{"line":25,"column":37}}],"line":24},"1":{"loc":{"start":{"line":39,"column":12},"end":{"line":44,"column":13}},"type":"if","locations":[{"start":{"line":39,"column":12},"end":{"line":44,"column":13}},{"start":{"line":42,"column":17},"end":{"line":44,"column":13}}],"line":39},"2":{"loc":{"start":{"line":60,"column":12},"end":{"line":65,"column":13}},"type":"if","locations":[{"start":{"line":60,"column":12},"end":{"line":65,"column":13}},{"start":{"line":63,"column":17},"end":{"line":65,"column":13}}],"line":60},"3":{"loc":{"start":{"line":60,"column":15},"end":{"line":60,"column":27}},"type":"binary-expr","locations":[{"start":{"line":60,"column":15},"end":{"line":60,"column":19}},{"start":{"line":60,"column":23},"end":{"line":60,"column":27}}],"line":60}},"s":{"0":1,"1":1,"2":1,"3":1,"4":1,"5":1,"6":3,"7":3,"8":3,"9":0,"10":1,"11":5,"12":5,"13":5,"14":4,"15":1,"16":0,"17":1,"18":6,"19":6,"20":6,"21":5,"22":5,"23":1,"24":0,"25":1,"26":5,"27":5,"28":5,"29":5,"30":3,"31":3,"32":2,"33":0,"34":1,"35":1,"36":1,"37":1,"38":0,"39":1},"f":{"0":3,"1":5,"2":6,"3":5,"4":1},"b":{"0":[4,1],"1":[5,1],"2":[3,2],"3":[5,4]},"_coverageSchema":"1a1c01bbd47fc00a2c39e90264f33305004495a9","hash":"5ecd68c4fdb9bbb1b6a06106f5051213c2e2bddc"}
}
