TN:
SF:db.js
FNF:0
FNH:0
DA:2,1
DA:5,1
DA:14,1
LF:3
LH:3
BRF:0
BRH:0
end_of_record
TN:
SF:seed.js
FN:12,(anonymous_0)
FN:27,(anonymous_1)
FN:28,(anonymous_2)
FNF:3
FNH:3
FNDA:1,(anonymous_0)
FNDA:11,(anonymous_1)
FNDA:2,(anonymous_2)
DA:2,1
DA:3,1
DA:7,1
DA:8,1
DA:12,1
DA:14,1
DA:16,1
DA:17,1
DA:20,1
DA:21,1
DA:23,1
DA:24,1
DA:27,11
DA:28,2
DA:31,1
DA:32,1
DA:34,1
DA:38,1
LF:18
LH:18
BRF:0
BRH:0
end_of_record
TN:
SF:server.js
FNF:0
FNH:0
DA:1,1
DA:2,1
DA:3,1
DA:4,1
DA:5,1
DA:8,1
DA:9,1
DA:12,1
DA:13,1
DA:22,1
LF:10
LH:10
BRF:0
BRH:0
end_of_record
TN:
SF:models/Show.js
FNF:0
FNH:0
DA:2,1
DA:5,1
DA:13,1
LF:3
LH:3
BRF:0
BRH:0
end_of_record
TN:
SF:models/User.js
FNF:0
FNH:0
DA:2,1
DA:5,1
DA:11,1
LF:3
LH:3
BRF:0
BRH:0
end_of_record
TN:
SF:models/index.js
FNF:0
FNH:0
DA:1,1
DA:2,1
DA:7,1
DA:8,1
DA:10,1
LF:5
LH:5
BRF:0
BRH:0
end_of_record
TN:
SF:routes/middleware.js
FN:5,checkErrors
FNF:1
FNH:1
FNDA:74,checkErrors
DA:1,1
DA:2,1
DA:6,74
DA:8,74
DA:9,32
DA:10,32
DA:11,32
DA:13,42
DA:16,1
LF:9
LH:9
BRDA:8,0,0,32
BRDA:8,0,1,42
BRF:2
BRH:2
end_of_record
TN:
SF:routes/show.js
FN:8,(anonymous_0)
FN:21,(anonymous_1)
FN:39,(anonymous_2)
FN:54,(anonymous_3)
FN:74,(anonymous_4)
FN:93,(anonymous_5)
FN:115,(anonymous_6)
FNF:7
FNH:7
FNDA:3,(anonymous_0)
FNDA:8,(anonymous_1)
FNDA:3,(anonymous_2)
FNDA:3,(anonymous_3)
FNDA:2,(anonymous_4)
FNDA:4,(anonymous_5)
FNDA:1,(anonymous_6)
DA:1,1
DA:2,1
DA:3,1
DA:4,1
DA:5,1
DA:8,1
DA:9,3
DA:10,3
DA:11,3
DA:13,0
DA:18,1
DA:22,8
DA:23,8
DA:24,8
DA:25,6
DA:27,2
DA:30,0
DA:36,1
DA:40,3
DA:41,3
DA:42,3
DA:44,0
DA:50,1
DA:55,3
DA:56,3
DA:57,3
DA:58,2
DA:59,2
DA:61,1
DA:64,0
DA:70,1
DA:75,2
DA:76,2
DA:77,2
DA:78,1
DA:79,1
DA:81,1
DA:84,0
DA:90,1
DA:94,4
DA:95,4
DA:96,4
DA:97,2
DA:99,0
DA:109,1
DA:116,1
DA:117,1
DA:118,1
DA:120,0
DA:125,1
LF:50
LH:43
BRDA:24,0,0,6
BRDA:24,0,1,2
BRDA:57,1,0,2
BRDA:57,1,1,1
BRDA:58,2,0,2
BRDA:58,2,1,0
BRDA:77,3,0,1
BRDA:77,3,1,1
BRDA:78,4,0,1
BRDA:78,4,1,0
BRDA:96,5,0,2
BRDA:96,5,1,2
BRF:12
BRH:10
end_of_record
TN:
SF:routes/user.js
FN:8,(anonymous_0)
FN:21,(anonymous_1)
FN:36,(anonymous_2)
FN:56,(anonymous_3)
FN:81,(anonymous_4)
FN:96,(anonymous_5)
FNF:6
FNH:6
FNDA:3,(anonymous_0)
FNDA:5,(anonymous_1)
FNDA:7,(anonymous_2)
FNDA:5,(anonymous_3)
FNDA:1,(anonymous_4)
FNDA:3,(anonymous_5)
DA:1,1
DA:2,1
DA:3,1
DA:4,1
DA:5,1
DA:8,1
DA:9,3
DA:10,3
DA:11,3
DA:13,0
DA:18,1
DA:22,5
DA:23,5
DA:24,5
DA:25,1
DA:27,0
DA:33,1
DA:37,7
DA:38,7
DA:39,7
DA:40,6
DA:41,6
DA:43,1
DA:46,0
DA:52,1
DA:57,5
DA:58,5
DA:59,5
DA:60,5
DA:61,3
DA:62,3
DA:64,2
DA:67,0
DA:77,1
DA:82,1
DA:83,1
DA:84,1
DA:86,0
DA:92,1
DA:97,3
DA:98,3
DA:99,3
DA:100,3
DA:101,1
DA:102,1
DA:104,2
DA:107,0
DA:112,1
LF:48
LH:42
BRDA:24,0,0,4
BRDA:24,0,1,1
BRDA:39,1,0,6
BRDA:39,1,1,1
BRDA:60,2,0,3
BRDA:60,2,1,2
BRDA:60,3,0,5
BRDA:60,3,1,4
BRDA:100,4,0,1
BRDA:100,4,1,2
BRDA:100,5,0,3
BRDA:100,5,1,2
BRF:12
BRH:12
end_of_record
