TN:
SF:db.js
FNF:0
FNH:0
DA:2,1
DA:5,1
DA:14,1
LF:3
LH:3
BRF:0
BRH:0
end_of_record
TN:
SF:seed.js
FN:12,(anonymous_0)
FN:27,(anonymous_1)
FN:28,(anonymous_2)
FNF:3
FNH:3
FNDA:1,(anonymous_0)
FNDA:11,(anonymous_1)
FNDA:2,(anonymous_2)
DA:2,1
DA:3,1
DA:7,1
DA:8,1
DA:12,1
DA:14,1
DA:16,1
DA:17,1
DA:20,1
DA:21,1
DA:23,1
DA:24,1
DA:27,11
DA:28,2
DA:31,1
DA:32,1
DA:34,1
DA:38,1
LF:18
LH:18
BRF:0
BRH:0
end_of_record
TN:
SF:server.js
FNF:0
FNH:0
DA:1,1
DA:2,1
DA:3,1
DA:4,1
DA:5,1
DA:8,1
DA:9,1
DA:12,1
DA:13,1
DA:22,1
LF:10
LH:10
BRF:0
BRH:0
end_of_record
TN:
SF:models/Show.js
FNF:0
FNH:0
DA:2,1
DA:5,1
DA:13,1
LF:3
LH:3
BRF:0
BRH:0
end_of_record
TN:
SF:models/User.js
FNF:0
FNH:0
DA:2,1
DA:5,1
DA:11,1
LF:3
LH:3
BRF:0
BRH:0
end_of_record
TN:
SF:models/index.js
FNF:0
FNH:0
DA:1,1
DA:2,1
DA:7,1
DA:8,1
DA:10,1
LF:5
LH:5
BRF:0
BRH:0
end_of_record
TN:
SF:routes/middleware.js
FN:5,checkErrors
FNF:1
FNH:1
FNDA:42,checkErrors
DA:1,1
DA:2,1
DA:6,42
DA:7,42
DA:8,14
DA:10,28
DA:13,1
LF:7
LH:7
BRDA:7,0,0,14
BRDA:7,0,1,28
BRF:2
BRH:2
end_of_record
TN:
SF:routes/show.js
FN:8,(anonymous_0)
FN:21,(anonymous_1)
FN:39,(anonymous_2)
FN:54,(anonymous_3)
FN:74,(anonymous_4)
FN:93,(anonymous_5)
FN:114,(anonymous_6)
FNF:7
FNH:4
FNDA:3,(anonymous_0)
FNDA:5,(anonymous_1)
FNDA:3,(anonymous_2)
FNDA:3,(anonymous_3)
FNDA:0,(anonymous_4)
FNDA:0,(anonymous_5)
FNDA:0,(anonymous_6)
DA:1,1
DA:2,1
DA:3,1
DA:4,1
DA:5,1
DA:8,1
DA:9,3
DA:10,3
DA:11,3
DA:13,0
DA:18,1
DA:22,5
DA:23,5
DA:24,5
DA:25,4
DA:27,1
DA:30,0
DA:36,1
DA:40,3
DA:41,3
DA:42,3
DA:44,0
DA:50,1
DA:55,3
DA:56,3
DA:57,3
DA:58,2
DA:59,2
DA:61,1
DA:64,0
DA:70,1
DA:75,0
DA:76,0
DA:77,0
DA:78,0
DA:79,0
DA:81,0
DA:84,0
DA:90,1
DA:94,0
DA:95,0
DA:96,0
DA:98,0
DA:108,1
DA:115,0
DA:116,0
DA:117,0
DA:119,0
DA:124,1
LF:49
LH:30
BRDA:24,0,0,4
BRDA:24,0,1,1
BRDA:57,1,0,2
BRDA:57,1,1,1
BRDA:58,2,0,2
BRDA:58,2,1,0
BRDA:77,3,0,0
BRDA:77,3,1,0
BRDA:78,4,0,0
BRDA:78,4,1,0
BRF:10
BRH:5
end_of_record
TN:
SF:routes/user.js
FN:8,(anonymous_0)
FN:21,(anonymous_1)
FN:36,(anonymous_2)
FN:56,(anonymous_3)
FN:81,(anonymous_4)
FNF:5
FNH:5
FNDA:3,(anonymous_0)
FNDA:5,(anonymous_1)
FNDA:6,(anonymous_2)
FNDA:5,(anonymous_3)
FNDA:1,(anonymous_4)
DA:1,1
DA:2,1
DA:3,1
DA:4,1
DA:5,1
DA:8,1
DA:9,3
DA:10,3
DA:11,3
DA:13,0
DA:18,1
DA:22,5
DA:23,5
DA:24,5
DA:25,1
DA:27,0
DA:33,1
DA:37,6
DA:38,6
DA:39,6
DA:40,5
DA:41,5
DA:43,1
DA:46,0
DA:52,1
DA:57,5
DA:58,5
DA:59,5
DA:60,5
DA:61,3
DA:62,3
DA:64,2
DA:67,0
DA:77,1
DA:82,1
DA:83,1
DA:84,1
DA:86,0
DA:91,1
LF:39
LH:34
BRDA:24,0,0,4
BRDA:24,0,1,1
BRDA:39,1,0,5
BRDA:39,1,1,1
BRDA:60,2,0,3
BRDA:60,2,1,2
BRDA:60,3,0,5
BRDA:60,3,1,4
BRF:8
BRH:8
end_of_record
